生成启动时间为 2016/8/8 22:40:11。
     1>项目“c:\Users\BIRL\documents\visual studio 2013\Projects\NestDxfDataForCut\NestDxfDataForCut\NestDxfDataForCut.vcxproj”在节点 2 上(Build 个目标)。
     1>ClCompile:
         C:\Program Files (x86)\Microsoft Visual Studio 12.0\VC\bin\CL.exe /c /ZI /nologo /W3 /WX- /sdl /Od /Oy- /D WIN32 /D _WINDOWS /D _DEBUG /D _UNICODE /D UNICODE /D _AFXDLL /Gm /EHsc /RTC1 /MDd /GS /fp:precise /Zc:wchar_t /Zc:forScope /Yu"stdafx.h" /Fp"Debug\NestDxfDataForCut.pch" /Fo"Debug\\" /Fd"Debug\vc120.pdb" /Gd /TP /analyze- /errorReport:prompt NestDxfDataForCut.cpp NestDxfDataForCutDlg.cpp
         NestDxfDataForCut.cpp
     1>c:\users\birl\documents\visual studio 2013\projects\nestdxfdataforcut\nestdxfdataforcut\geomforcut.h(16): warning C4091: “typedef ”: 没有声明变量时忽略“NestResultData”的左侧
         正在生成代码...
         正在编译...
         NestDxfDataForCutDlg.cpp
     1>c:\users\birl\documents\visual studio 2013\projects\nestdxfdataforcut\nestdxfdataforcut\geomforcut.h(16): warning C4091: “typedef ”: 没有声明变量时忽略“NestResultData”的左侧
         正在生成代码...
       Link:
         C:\Program Files (x86)\Microsoft Visual Studio 12.0\VC\bin\link.exe /ERRORREPORT:PROMPT /OUT:"c:\users\birl\documents\visual studio 2013\Projects\NestDxfDataForCut\Debug\NestDxfDataForCut.exe" /INCREMENTAL /NOLOGO opencv_ml2410d.lib opencv_calib3d2410d.lib opencv_contrib2410d.lib opencv_core2410d.lib opencv_features2d2410d.lib opencv_flann2410d.lib opencv_gpu2410d.lib opencv_highgui2410d.lib opencv_imgproc2410d.lib opencv_legacy2410d.lib opencv_objdetect2410d.lib opencv_ts2410d.lib opencv_video2410d.lib opencv_nonfree2410d.lib opencv_ocl2410d.lib opencv_photo2410d.lib opencv_stitching2410d.lib opencv_superres2410d.lib opencv_videostab2410d.lib /MANIFEST /MANIFESTUAC:"level='asInvoker' uiAccess='false'" /manifest:embed /manifestinput:"C:\Program Files (x86)\Microsoft Visual Studio 12.0\VC\Include\Manifest\dpiaware.manifest" /DEBUG /PDB:"c:\users\birl\documents\visual studio 2013\Projects\NestDxfDataForCut\Debug\NestDxfDataForCut.pdb" /SUBSYSTEM:WINDOWS /TLBID:1 /ENTRY:"wWinMainCRTStartup" /DYNAMICBASE /NXCOMPAT /IMPLIB:"c:\users\birl\documents\visual studio 2013\Projects\NestDxfDataForCut\Debug\NestDxfDataForCut.lib" /MACHINE:X86 Debug\NestDxfDataForCut.res
         Debug\GeomClose.obj
         Debug\GEOMELE.obj
         Debug\GeomForCut.obj
         Debug\NestDxfDataForCut.obj
         Debug\NestDxfDataForCutDlg.obj
         Debug\stdafx.obj
         NestDxfDataForCut.vcxproj -> c:\users\birl\documents\visual studio 2013\Projects\NestDxfDataForCut\Debug\NestDxfDataForCut.exe
     1>已完成生成项目“c:\Users\BIRL\documents\visual studio 2013\Projects\NestDxfDataForCut\NestDxfDataForCut\NestDxfDataForCut.vcxproj”(Build 个目标)的操作。

生成成功。

已用时间 00:00:02.26
