f:\testcode\nestdxfdataforcut\nestdxfdataforcut\debug\nestdxfdataforcut.pch
f:\testcode\nestdxfdataforcut\nestdxfdataforcut\debug\vc120.pdb
f:\testcode\nestdxfdataforcut\nestdxfdataforcut\debug\vc120.idb
f:\testcode\nestdxfdataforcut\nestdxfdataforcut\debug\stdafx.obj
f:\testcode\nestdxfdataforcut\nestdxfdataforcut\debug\geomclose.obj
f:\testcode\nestdxfdataforcut\nestdxfdataforcut\debug\geomforcut.obj
f:\testcode\nestdxfdataforcut\nestdxfdataforcut\debug\nestdxfdataforcut.obj
f:\testcode\nestdxfdataforcut\nestdxfdataforcut\debug\nestdxfdataforcutdlg.obj
f:\testcode\nestdxfdataforcut\debug\nestdxfdataforcut.ilk
f:\testcode\nestdxfdataforcut\debug\nestdxfdataforcut.exe
f:\testcode\nestdxfdataforcut\debug\nestdxfdataforcut.pdb
f:\testcode\nestdxfdataforcut\nestdxfdataforcut\debug\nestdxfdataforcut.res
f:\testcode\nestdxfdataforcut\nestdxfdataforcut\debug\nestdxfd.83edc9d4.tlog\cl.command.1.tlog
f:\testcode\nestdxfdataforcut\nestdxfdataforcut\debug\nestdxfd.83edc9d4.tlog\cl.read.1.tlog
f:\testcode\nestdxfdataforcut\nestdxfdataforcut\debug\nestdxfd.83edc9d4.tlog\cl.write.1.tlog
f:\testcode\nestdxfdataforcut\nestdxfdataforcut\debug\nestdxfd.83edc9d4.tlog\link.command.1.tlog
f:\testcode\nestdxfdataforcut\nestdxfdataforcut\debug\nestdxfd.83edc9d4.tlog\link.read.1.tlog
f:\testcode\nestdxfdataforcut\nestdxfdataforcut\debug\nestdxfd.83edc9d4.tlog\link.write.1.tlog
f:\testcode\nestdxfdataforcut\nestdxfdataforcut\debug\nestdxfd.83edc9d4.tlog\rc.command.1.tlog
f:\testcode\nestdxfdataforcut\nestdxfdataforcut\debug\nestdxfd.83edc9d4.tlog\rc.read.1.tlog
f:\testcode\nestdxfdataforcut\nestdxfdataforcut\debug\nestdxfd.83edc9d4.tlog\rc.write.1.tlog
